<?xml version="1.0" encoding="UTF-8"?>
<testsuite name="net.petrikainulainen.gradle.LibraryTest" tests="1" skipped="0" failures="0" errors="0" timestamp="2018-07-14T23:41:42" hostname="Lincongs-MacBook-Pro.local" time="0.011">
  <properties/>
  <testcase name="testSomeLibraryMethod" classname="net.petrikainulainen.gradle.LibraryTest" time="0.011"/>
  <system-out><![CDATA[]]></system-out>
  <system-err><![CDATA[]]></system-err>
</testsuite>
